<?xml version="1.0" encoding="UTF-8"?>
<testsuite xmlns:xsi="http://www.w3.org/2001/XMLSchema-instance" xsi:noNamespaceSchemaLocation="https://maven.apache.org/surefire/maven-surefire-plugin/xsd/surefire-test-report-3.0.xsd" version="3.0" name="pt.ua.jm.tqs.TestloginTest" time="8.674" tests="1" errors="1" skipped="0" failures="0">
  <properties>
[...]
</properties>
  <testcase name="testlogin(RemoteWebDriver)" classname="pt.ua.jm.tqs.TestloginTest" time="8.66">
    <error type="org.openqa.selenium.NoSuchElementException"><![CDATA[org.openqa.selenium.NoSuchElementException: 
no such element: Unable to locate element: {"method":"link text","selector":"Sign out"}
  (Session info: chrome=80.0.3987.87)
For documentation on this error, please visit: https://www.seleniumhq.org/exceptions/no_such_element.html
Build info: version: '3.141.59', revision: 'e82be7d358', time: '2018-11-14T08:17:03'
System info: host: 'jotaserver', ip: '127.0.1.1', os.name: 'Linux', os.arch: 'amd64', os.version: '4.15.0-88-generic', java.version: '11.0.6'
Driver info: org.openqa.selenium.remote.RemoteWebDriver
Capabilities {acceptInsecureCerts: false, browserName: chrome, browserVersion: 80.0.3987.87, chrome: {chromedriverVersion: 80.0.3987.16 (320f6526c1632..., userDataDir: /tmp/.com.google.Chrome.Y50Wcn}, goog:chromeOptions: {debuggerAddress: localhost:42259}, javascriptEnabled: true, networkConnectionEnabled: false, pageLoadStrategy: normal, platform: LINUX, platformName: LINUX, proxy: Proxy(), setWindowRect: true, strictFileInteractability: false, timeouts: {implicit: 0, pageLoad: 300000, script: 30000}, unhandledPromptBehavior: dismiss and notify}
Session ID: d126204fd94c5f3a2eda4870d50f7199
*** Element info: {Using=link text, value=Sign out}
	at pt.ua.jm.tqs.TestloginTest.testlogin(TestloginTest.java:64)
]]></error>
    <system-out><![CDATA[16:00:47.931 [main] DEBUG com.spotify.docker.client.DockerCertificates - /home/jota/.docker/ca.pem, /home/jota/.docker/key.pem or /home/jota/.docker/cert.pem does not exist, not using SSL
16:00:47.931 [main] DEBUG com.spotify.docker.client.DockerConfigReader - Using configfile: /home/jota/.docker/config.json
16:00:47.942 [main] INFO io.github.bonigarcia.seljup.handler.DockerDriverHandler - Using CHROME version 80.0 (latest)
16:00:47.982 [main] INFO io.github.bonigarcia.seljup.DockerService - Starting Docker container aerokube/selenoid:1.9.3
16:00:47.982 [main] DEBUG com.spotify.docker.client.DefaultDockerClient - Creating container with ContainerConfig: ContainerConfig{hostname=null, domainname=null, user=null, attachStdin=null, attachStdout=null, attachStderr=null, portSpecs=null, exposedPorts=[4444], tty=null, openStdin=null, stdinOnce=null, env=[DOCKER_API_VERSION=1.35, TZ=Europe/Madrid, LANG=en], cmd=[sh, -c, mkdir -p /etc/selenoid/; echo '{"chrome":{"default":"80.0","versions":{"80.0":{"image":"selenoid/vnc:chrome_80.0","port":"4444","path":"/","tmpfs":{"/tmp":"size=128m"},"env":["DOCKER_API_VERSION=1.35","TZ=Europe/Madrid","LANG=en"],"volumes":[]}}}}' > /etc/selenoid/browsers.json; /usr/bin/selenoid -listen :4444 -service-startup-timeout 3m -conf /etc/selenoid/browsers.json -video-output-dir /opt/selenoid/video/ -timeout 1m0s -container-network bridge -limit 2], image=aerokube/selenoid:1.9.3, volumes=[], workingDir=null, entrypoint=[], networkDisabled=null, onBuild=null, labels=null, macAddress=null, hostConfig=HostConfig{binds=[/var/run/docker.sock:/var/run/docker.sock], blkioWeight=null, blkioWeightDevice=null, blkioDeviceReadBps=null, blkioDeviceWriteBps=null, blkioDeviceReadIOps=null, blkioDeviceWriteIOps=null, containerIdFile=null, lxcConf=null, privileged=null, portBindings={4444=[PortBinding{hostIp=0.0.0.0, hostPort=}]}, links=null, publishAllPorts=null, dns=null, dnsOptions=null, dnsSearch=null, extraHosts=null, groupAdd=null, volumesFrom=null, capAdd=null, capDrop=null, networkMode=bridge, securityOpt=null, devices=null, memory=null, memorySwap=null, kernelMemory=null, memorySwappiness=null, memoryReservation=null, nanoCpus=null, cpuPeriod=null, cpuShares=null, cpusetCpus=null, cpusetMems=null, cpuQuota=null, cgroupParent=null, restartPolicy=null, logConfig=null, ipcMode=null, ulimits=null, pidMode=null, shmSize=null, oomKillDisable=null, oomScoreAdj=null, autoRemove=null, pidsLimit=null, tmpfs=null, readonlyRootfs=null, storageOpt=null, runtime=null}, stopSignal=null, healthcheck=null, networkingConfig=null}
16:00:48.046 [jersey-client-async-executor-0] DEBUG org.apache.http.client.protocol.RequestAddCookies - CookieSpec selected: default
16:00:48.047 [jersey-client-async-executor-0] DEBUG org.apache.http.client.protocol.RequestAuthCache - Auth cache not set in the context
16:00:48.047 [jersey-client-async-executor-0] DEBUG org.apache.http.impl.conn.PoolingHttpClientConnectionManager - Connection request: [route: {}->unix://localhost:80][total kept alive: 0; route allocated: 0 of 100; total allocated: 0 of 100]
16:00:48.047 [jersey-client-async-executor-0] DEBUG org.apache.http.impl.conn.PoolingHttpClientConnectionManager - Connection leased: [id: 8][route: {}->unix://localhost:80][total kept alive: 0; route allocated: 1 of 100; total allocated: 1 of 100]
16:00:48.048 [jersey-client-async-executor-0] DEBUG org.apache.http.impl.execchain.MainClientExec - Opening connection {}->unix://localhost:80
16:00:48.048 [jersey-client-async-executor-0] DEBUG org.apache.http.impl.conn.DefaultHttpClientConnectionOperator - Connecting to localhost/127.0.0.1:80
16:00:48.049 [jersey-client-async-executor-0] DEBUG org.apache.http.impl.conn.DefaultHttpClientConnectionOperator - Connection established [family=PF_UNIX path=]<->[family=PF_UNIX path=/var/run/docker.sock]
16:00:48.049 [jersey-client-async-executor-0] DEBUG org.apache.http.impl.conn.DefaultManagedHttpClientConnection - http-outgoing-8: set socket timeout to 30000
16:00:48.049 [jersey-client-async-executor-0] DEBUG org.apache.http.impl.execchain.MainClientExec - Executing request POST /containers/create HTTP/1.1
16:00:48.049 [jersey-client-async-executor-0] DEBUG org.apache.http.impl.execchain.MainClientExec - Target auth state: UNCHALLENGED
16:00:48.050 [jersey-client-async-executor-0] DEBUG org.apache.http.impl.execchain.MainClientExec - Proxy auth state: UNCHALLENGED
16:00:48.050 [jersey-client-async-executor-0] DEBUG org.apache.http.headers - http-outgoing-8 >> POST /containers/create HTTP/1.1
16:00:48.050 [jersey-client-async-executor-0] DEBUG org.apache.http.headers - http-outgoing-8 >> Accept: application/json
16:00:48.050 [jersey-client-async-executor-0] DEBUG org.apache.http.headers - http-outgoing-8 >> Content-Type: application/json
16:00:48.050 [jersey-client-async-executor-0] DEBUG org.apache.http.headers - http-outgoing-8 >> User-Agent: Jersey/2.22.2 (Apache HttpClient 4.5.6)
16:00:48.050 [jersey-client-async-executor-0] DEBUG org.apache.http.headers - http-outgoing-8 >> Transfer-Encoding: chunked
16:00:48.051 [jersey-client-async-executor-0] DEBUG org.apache.http.headers - http-outgoing-8 >> Host: localhost:80
16:00:48.052 [jersey-client-async-executor-0] DEBUG org.apache.http.headers - http-outgoing-8 >> Connection: Keep-Alive
16:00:48.052 [jersey-client-async-executor-0] DEBUG org.apache.http.headers - http-outgoing-8 >> Accept-Encoding: gzip,deflate
16:00:48.053 [jersey-client-async-executor-0] DEBUG org.apache.http.wire - http-outgoing-8 >> "POST /containers/create HTTP/1.1[\r][\n]"
16:00:48.054 [jersey-client-async-executor-0] DEBUG org.apache.http.wire - http-outgoing-8 >> "Accept: application/json[\r][\n]"
16:00:48.054 [jersey-client-async-executor-0] DEBUG org.apache.http.wire - http-outgoing-8 >> "Content-Type: application/json[\r][\n]"
16:00:48.055 [jersey-client-async-executor-0] DEBUG org.apache.http.wire - http-outgoing-8 >> "User-Agent: Jersey/2.22.2 (Apache HttpClient 4.5.6)[\r][\n]"
16:00:48.055 [jersey-client-async-executor-0] DEBUG org.apache.http.wire - http-outgoing-8 >> "Transfer-Encoding: chunked[\r][\n]"
16:00:48.055 [jersey-client-async-executor-0] DEBUG org.apache.http.wire - http-outgoing-8 >> "Host: localhost:80[\r][\n]"
16:00:48.055 [jersey-client-async-executor-0] DEBUG org.apache.http.wire - http-outgoing-8 >> "Connection: Keep-Alive[\r][\n]"
16:00:48.055 [jersey-client-async-executor-0] DEBUG org.apache.http.wire - http-outgoing-8 >> "Accept-Encoding: gzip,deflate[\r][\n]"
16:00:48.055 [jersey-client-async-executor-0] DEBUG org.apache.http.wire - http-outgoing-8 >> "[\r][\n]"
16:00:48.056 [jersey-client-async-executor-0] DEBUG org.apache.http.wire - http-outgoing-8 >> "1b[\r][\n]"
16:00:48.056 [jersey-client-async-executor-0] DEBUG org.apache.http.wire - http-outgoing-8 >> "{"ExposedPorts":{"4444":{}}[\r][\n]"
16:00:48.056 [jersey-client-async-executor-0] DEBUG org.apache.http.wire - http-outgoing-8 >> "276[\r][\n]"
16:00:48.056 [jersey-client-async-executor-0] DEBUG org.apache.http.wire - http-outgoing-8 >> ","Env":["DOCKER_API_VERSION=1.35","TZ=Europe/Madrid","LANG=en"],"Cmd":["sh","-c","mkdir -p /etc/selenoid/; echo '{\"chrome\":{\"default\":\"80.0\",\"versions\":{\"80.0\":{\"image\":\"selenoid/vnc:chrome_80.0\",\"port\":\"4444\",\"path\":\"/\",\"tmpfs\":{\"/tmp\":\"size=128m\"},\"env\":[\"DOCKER_API_VERSION=1.35\",\"TZ=Europe/Madrid\",\"LANG=en\"],\"volumes\":[]}}}}' > /etc/selenoid/browsers.json; /usr/bin/selenoid -listen :4444 -service-startup-timeout 3m -conf /etc/selenoid/browsers.json -video-output-dir /opt/selenoid/video/ -timeout 1m0s -container-network bridge -limit 2"],"Image":"aerokube/selenoid:1.9.3","Volumes":{}[\r][\n]"
16:00:48.057 [jersey-client-async-executor-0] DEBUG org.apache.http.wire - http-outgoing-8 >> "ac[\r][\n]"
16:00:48.057 [jersey-client-async-executor-0] DEBUG org.apache.http.wire - http-outgoing-8 >> ","Entrypoint":[""],"HostConfig":{"Binds":["/var/run/docker.sock:/var/run/docker.sock"],"PortBindings":{"4444":[{"HostIp":"0.0.0.0","HostPort":""}]},"NetworkMode":"bridge"}}[\r][\n]"
16:00:48.057 [jersey-client-async-executor-0] DEBUG org.apache.http.wire - http-outgoing-8 >> "0[\r][\n]"
16:00:48.058 [jersey-client-async-executor-0] DEBUG org.apache.http.wire - http-outgoing-8 >> "[\r][\n]"
16:00:48.780 [jersey-client-async-executor-0] DEBUG org.apache.http.wire - http-outgoing-8 << "HTTP/1.1 201 Created[\r][\n]"
16:00:48.780 [jersey-client-async-executor-0] DEBUG org.apache.http.wire - http-outgoing-8 << "Api-Version: 1.40[\r][\n]"
16:00:48.780 [jersey-client-async-executor-0] DEBUG org.apache.http.wire - http-outgoing-8 << "Content-Type: application/json[\r][\n]"
16:00:48.780 [jersey-client-async-executor-0] DEBUG org.apache.http.wire - http-outgoing-8 << "Docker-Experimental: false[\r][\n]"
16:00:48.780 [jersey-client-async-executor-0] DEBUG org.apache.http.wire - http-outgoing-8 << "Ostype: linux[\r][\n]"
16:00:48.780 [jersey-client-async-executor-0] DEBUG org.apache.http.wire - http-outgoing-8 << "Server: Docker/19.03.6 (linux)[\r][\n]"
16:00:48.781 [jersey-client-async-executor-0] DEBUG org.apache.http.wire - http-outgoing-8 << "Date: Thu, 27 Feb 2020 16:00:48 GMT[\r][\n]"
16:00:48.781 [jersey-client-async-executor-0] DEBUG org.apache.http.wire - http-outgoing-8 << "Content-Length: 88[\r][\n]"
16:00:48.781 [jersey-client-async-executor-0] DEBUG org.apache.http.wire - http-outgoing-8 << "[\r][\n]"
16:00:48.781 [jersey-client-async-executor-0] DEBUG org.apache.http.wire - http-outgoing-8 << "{"Id":"bd7595f46ac0669637240013cff795a39f157191cdd14cda715383e62ddc2cc0","Warnings":[]}[\n]"
16:00:48.781 [jersey-client-async-executor-0] DEBUG org.apache.http.headers - http-outgoing-8 << HTTP/1.1 201 Created
16:00:48.781 [jersey-client-async-executor-0] DEBUG org.apache.http.headers - http-outgoing-8 << Api-Version: 1.40
16:00:48.781 [jersey-client-async-executor-0] DEBUG org.apache.http.headers - http-outgoing-8 << Content-Type: application/json
16:00:48.781 [jersey-client-async-executor-0] DEBUG org.apache.http.headers - http-outgoing-8 << Docker-Experimental: false
16:00:48.781 [jersey-client-async-executor-0] DEBUG org.apache.http.headers - http-outgoing-8 << Ostype: linux
16:00:48.781 [jersey-client-async-executor-0] DEBUG org.apache.http.headers - http-outgoing-8 << Server: Docker/19.03.6 (linux)
16:00:48.781 [jersey-client-async-executor-0] DEBUG org.apache.http.headers - http-outgoing-8 << Date: Thu, 27 Feb 2020 16:00:48 GMT
16:00:48.781 [jersey-client-async-executor-0] DEBUG org.apache.http.headers - http-outgoing-8 << Content-Length: 88
16:00:48.782 [jersey-client-async-executor-0] DEBUG org.apache.http.impl.execchain.MainClientExec - Connection can be kept alive indefinitely
16:00:48.783 [jersey-client-async-executor-0] DEBUG org.apache.http.impl.conn.DefaultManagedHttpClientConnection - http-outgoing-8: Close connection
16:00:48.783 [jersey-client-async-executor-0] DEBUG org.apache.http.impl.execchain.MainClientExec - Connection discarded
16:00:48.783 [jersey-client-async-executor-0] DEBUG org.apache.http.impl.conn.PoolingHttpClientConnectionManager - Connection released: [id: 8][route: {}->unix://localhost:80][total kept alive: 0; route allocated: 0 of 100; total allocated: 0 of 100]
16:00:48.783 [main] INFO com.spotify.docker.client.DefaultDockerClient - Starting container with Id: bd7595f46ac0669637240013cff795a39f157191cdd14cda715383e62ddc2cc0
16:00:48.786 [jersey-client-async-executor-1] DEBUG org.apache.http.client.protocol.RequestAddCookies - CookieSpec selected: default
16:00:48.786 [jersey-client-async-executor-1] DEBUG org.apache.http.client.protocol.RequestAuthCache - Auth cache not set in the context
16:00:48.786 [jersey-client-async-executor-1] DEBUG org.apache.http.impl.conn.PoolingHttpClientConnectionManager - Connection request: [route: {}->unix://localhost:80][total kept alive: 0; route allocated: 0 of 100; total allocated: 0 of 100]
16:00:48.786 [jersey-client-async-executor-1] DEBUG org.apache.http.impl.conn.PoolingHttpClientConnectionManager - Connection leased: [id: 9][route: {}->unix://localhost:80][total kept alive: 0; route allocated: 1 of 100; total allocated: 1 of 100]
16:00:48.786 [jersey-client-async-executor-1] DEBUG org.apache.http.impl.execchain.MainClientExec - Opening connection {}->unix://localhost:80
16:00:48.786 [jersey-client-async-executor-1] DEBUG org.apache.http.impl.conn.DefaultHttpClientConnectionOperator - Connecting to localhost/127.0.0.1:80
16:00:48.787 [jersey-client-async-executor-1] DEBUG org.apache.http.impl.conn.DefaultHttpClientConnectionOperator - Connection established [family=PF_UNIX path=]<->[family=PF_UNIX path=/var/run/docker.sock]
16:00:48.787 [jersey-client-async-executor-1] DEBUG org.apache.http.impl.conn.DefaultManagedHttpClientConnection - http-outgoing-9: set socket timeout to 30000
16:00:48.787 [jersey-client-async-executor-1] DEBUG org.apache.http.impl.execchain.MainClientExec - Executing request POST /containers/bd7595f46ac0669637240013cff795a39f157191cdd14cda715383e62ddc2cc0/start HTTP/1.1
16:00:48.787 [jersey-client-async-executor-1] DEBUG org.apache.http.impl.execchain.MainClientExec - Target auth state: UNCHALLENGED
16:00:48.787 [jersey-client-async-executor-1] DEBUG org.apache.http.impl.execchain.MainClientExec - Proxy auth state: UNCHALLENGED
16:00:48.788 [jersey-client-async-executor-1] DEBUG org.apache.http.headers - http-outgoing-9 >> POST /containers/bd7595f46ac0669637240013cff795a39f157191cdd14cda715383e62ddc2cc0/start HTTP/1.1
16:00:48.788 [jersey-client-async-executor-1] DEBUG org.apache.http.headers - http-outgoing-9 >> User-Agent: Jersey/2.22.2 (Apache HttpClient 4.5.6)
16:00:48.788 [jersey-client-async-executor-1] DEBUG org.apache.http.headers - http-outgoing-9 >> Host: localhost:80
16:00:48.788 [jersey-client-async-executor-1] DEBUG org.apache.http.headers - http-outgoing-9 >> Connection: Keep-Alive
16:00:48.788 [jersey-client-async-executor-1] DEBUG org.apache.http.headers - http-outgoing-9 >> Accept-Encoding: gzip,deflate
16:00:48.788 [jersey-client-async-executor-1] DEBUG org.apache.http.wire - http-outgoing-9 >> "POST /containers/bd7595f46ac0669637240013cff795a39f157191cdd14cda715383e62ddc2cc0/start HTTP/1.1[\r][\n]"
16:00:48.788 [jersey-client-async-executor-1] DEBUG org.apache.http.wire - http-outgoing-9 >> "User-Agent: Jersey/2.22.2 (Apache HttpClient 4.5.6)[\r][\n]"
16:00:48.788 [jersey-client-async-executor-1] DEBUG org.apache.http.wire - http-outgoing-9 >> "Host: localhost:80[\r][\n]"
16:00:48.788 [jersey-client-async-executor-1] DEBUG org.apache.http.wire - http-outgoing-9 >> "Connection: Keep-Alive[\r][\n]"
16:00:48.788 [jersey-client-async-executor-1] DEBUG org.apache.http.wire - http-outgoing-9 >> "Accept-Encoding: gzip,deflate[\r][\n]"
16:00:48.788 [jersey-client-async-executor-1] DEBUG org.apache.http.wire - http-outgoing-9 >> "[\r][\n]"
16:00:49.782 [jersey-client-async-executor-1] DEBUG org.apache.http.wire - http-outgoing-9 << "HTTP/1.1 204 No Content[\r][\n]"
16:00:49.782 [jersey-client-async-executor-1] DEBUG org.apache.http.wire - http-outgoing-9 << "Api-Version: 1.40[\r][\n]"
16:00:49.782 [jersey-client-async-executor-1] DEBUG org.apache.http.wire - http-outgoing-9 << "Docker-Experimental: false[\r][\n]"
16:00:49.782 [jersey-client-async-executor-1] DEBUG org.apache.http.wire - http-outgoing-9 << "Ostype: linux[\r][\n]"
16:00:49.782 [jersey-client-async-executor-1] DEBUG org.apache.http.wire - http-outgoing-9 << "Server: Docker/19.03.6 (linux)[\r][\n]"
16:00:49.782 [jersey-client-async-executor-1] DEBUG org.apache.http.wire - http-outgoing-9 << "Date: Thu, 27 Feb 2020 16:00:49 GMT[\r][\n]"
16:00:49.782 [jersey-client-async-executor-1] DEBUG org.apache.http.wire - http-outgoing-9 << "[\r][\n]"
16:00:49.783 [jersey-client-async-executor-1] DEBUG org.apache.http.headers - http-outgoing-9 << HTTP/1.1 204 No Content
16:00:49.783 [jersey-client-async-executor-1] DEBUG org.apache.http.headers - http-outgoing-9 << Api-Version: 1.40
16:00:49.783 [jersey-client-async-executor-1] DEBUG org.apache.http.headers - http-outgoing-9 << Docker-Experimental: false
16:00:49.783 [jersey-client-async-executor-1] DEBUG org.apache.http.headers - http-outgoing-9 << Ostype: linux
16:00:49.783 [jersey-client-async-executor-1] DEBUG org.apache.http.headers - http-outgoing-9 << Server: Docker/19.03.6 (linux)
16:00:49.783 [jersey-client-async-executor-1] DEBUG org.apache.http.headers - http-outgoing-9 << Date: Thu, 27 Feb 2020 16:00:49 GMT
16:00:49.783 [jersey-client-async-executor-1] DEBUG org.apache.http.impl.execchain.MainClientExec - Connection can be kept alive indefinitely
16:00:49.783 [jersey-client-async-executor-1] DEBUG org.apache.http.impl.conn.PoolingHttpClientConnectionManager - Connection [id: 9][route: {}->unix://localhost:80] can be kept alive indefinitely
16:00:49.783 [jersey-client-async-executor-1] DEBUG org.apache.http.impl.conn.DefaultManagedHttpClientConnection - http-outgoing-9: set socket timeout to 0
16:00:49.783 [jersey-client-async-executor-1] DEBUG org.apache.http.impl.conn.PoolingHttpClientConnectionManager - Connection released: [id: 9][route: {}->unix://localhost:80][total kept alive: 1; route allocated: 1 of 100; total allocated: 1 of 100]
16:00:49.787 [jersey-client-async-executor-1] DEBUG org.apache.http.client.protocol.RequestAddCookies - CookieSpec selected: default
16:00:49.787 [jersey-client-async-executor-1] DEBUG org.apache.http.client.protocol.RequestAuthCache - Auth cache not set in the context
16:00:49.787 [jersey-client-async-executor-1] DEBUG org.apache.http.impl.conn.PoolingHttpClientConnectionManager - Connection request: [route: {}->unix://localhost:80][total kept alive: 1; route allocated: 1 of 100; total allocated: 1 of 100]
16:00:49.788 [jersey-client-async-executor-1] DEBUG org.apache.http.impl.conn.PoolingHttpClientConnectionManager - Connection leased: [id: 9][route: {}->unix://localhost:80][total kept alive: 0; route allocated: 1 of 100; total allocated: 1 of 100]
16:00:49.788 [jersey-client-async-executor-1] DEBUG org.apache.http.impl.conn.DefaultManagedHttpClientConnection - http-outgoing-9: set socket timeout to 0
16:00:49.788 [jersey-client-async-executor-1] DEBUG org.apache.http.impl.conn.DefaultManagedHttpClientConnection - http-outgoing-9: set socket timeout to 30000
16:00:49.788 [jersey-client-async-executor-1] DEBUG org.apache.http.impl.execchain.MainClientExec - Executing request GET /containers/bd7595f46ac0669637240013cff795a39f157191cdd14cda715383e62ddc2cc0/json HTTP/1.1
16:00:49.788 [jersey-client-async-executor-1] DEBUG org.apache.http.impl.execchain.MainClientExec - Target auth state: UNCHALLENGED
16:00:49.788 [jersey-client-async-executor-1] DEBUG org.apache.http.impl.execchain.MainClientExec - Proxy auth state: UNCHALLENGED
16:00:49.789 [jersey-client-async-executor-1] DEBUG org.apache.http.headers - http-outgoing-9 >> GET /containers/bd7595f46ac0669637240013cff795a39f157191cdd14cda715383e62ddc2cc0/json HTTP/1.1
16:00:49.789 [jersey-client-async-executor-1] DEBUG org.apache.http.headers - http-outgoing-9 >> Accept: application/json
16:00:49.789 [jersey-client-async-executor-1] DEBUG org.apache.http.headers - http-outgoing-9 >> User-Agent: Jersey/2.22.2 (Apache HttpClient 4.5.6)
16:00:49.789 [jersey-client-async-executor-1] DEBUG org.apache.http.headers - http-outgoing-9 >> Host: localhost:80
16:00:49.789 [jersey-client-async-executor-1] DEBUG org.apache.http.headers - http-outgoing-9 >> Connection: Keep-Alive
16:00:49.789 [jersey-client-async-executor-1] DEBUG org.apache.http.headers - http-outgoing-9 >> Accept-Encoding: gzip,deflate
16:00:49.790 [jersey-client-async-executor-1] DEBUG org.apache.http.wire - http-outgoing-9 >> "GET /containers/bd7595f46ac0669637240013cff795a39f157191cdd14cda715383e62ddc2cc0/json HTTP/1.1[\r][\n]"
16:00:49.790 [jersey-client-async-executor-1] DEBUG org.apache.http.wire - http-outgoing-9 >> "Accept: application/json[\r][\n]"
16:00:49.790 [jersey-client-async-executor-1] DEBUG org.apache.http.wire - http-outgoing-9 >> "User-Agent: Jersey/2.22.2 (Apache HttpClient 4.5.6)[\r][\n]"
16:00:49.790 [jersey-client-async-executor-1] DEBUG org.apache.http.wire - http-outgoing-9 >> "Host: localhost:80[\r][\n]"
16:00:49.790 [jersey-client-async-executor-1] DEBUG org.apache.http.wire - http-outgoing-9 >> "Connection: Keep-Alive[\r][\n]"
16:00:49.790 [jersey-client-async-executor-1] DEBUG org.apache.http.wire - http-outgoing-9 >> "Accept-Encoding: gzip,deflate[\r][\n]"
16:00:49.790 [jersey-client-async-executor-1] DEBUG org.apache.http.wire - http-outgoing-9 >> "[\r][\n]"
16:00:49.794 [jersey-client-async-executor-1] DEBUG org.apache.http.wire - http-outgoing-9 << "HTTP/1.1 200 OK[\r][\n]"
16:00:49.794 [jersey-client-async-executor-1] DEBUG org.apache.http.wire - http-outgoing-9 << "Api-Version: 1.40[\r][\n]"
16:00:49.794 [jersey-client-async-executor-1] DEBUG org.apache.http.wire - http-outgoing-9 << "Content-Type: application/json[\r][\n]"
16:00:49.794 [jersey-client-async-executor-1] DEBUG org.apache.http.wire - http-outgoing-9 << "Docker-Experimental: false[\r][\n]"
16:00:49.794 [jersey-client-async-executor-1] DEBUG org.apache.http.wire - http-outgoing-9 << "Ostype: linux[\r][\n]"
16:00:49.794 [jersey-client-async-executor-1] DEBUG org.apache.http.wire - http-outgoing-9 << "Server: Docker/19.03.6 (linux)[\r][\n]"
16:00:49.795 [jersey-client-async-executor-1] DEBUG org.apache.http.wire - http-outgoing-9 << "Date: Thu, 27 Feb 2020 16:00:49 GMT[\r][\n]"
16:00:49.795 [jersey-client-async-executor-1] DEBUG org.apache.http.wire - http-outgoing-9 << "Transfer-Encoding: chunked[\r][\n]"
16:00:49.795 [jersey-client-async-executor-1] DEBUG org.apache.http.wire - http-outgoing-9 << "[\r][\n]"
16:00:49.795 [jersey-client-async-executor-1] DEBUG org.apache.http.wire - http-outgoing-9 << "17de[\r][\n]"
16:00:49.795 [jersey-client-async-executor-1] DEBUG org.apache.http.wire - http-outgoing-9 << "{"Id":"bd7595f46ac0669637240013cff795a39f157191cdd14cda715383e62ddc2cc0","Created":"2020-02-27T16:00:48.059637568Z","Path":"sh","Args":["-c","mkdir -p /etc/selenoid/; echo '{\"chrome\":{\"default\":\"80.0\",\"versions\":{\"80.0\":{\"image\":\"selenoid/vnc:chrome_80.0\",\"port\":\"4444\",\"path\":\"/\",\"tmpfs\":{\"/tmp\":\"size=128m\"},\"env\":[\"DOCKER_API_VERSION=1.35\",\"TZ=Europe/Madrid\",\"LANG=en\"],\"volumes\":[]}}}}' > /etc/selenoid/browsers.json; /usr/bin/selenoid -listen :4444 -service-startup-timeout 3m -conf /etc/selenoid/browsers.json -video-output-dir /opt/selenoid/video/ -timeout 1m0s -container-network bridge -limit 2"],"State":{"Status":"running","Running":true,"Paused":false,"Restarting":false,"OOMKilled":false,"Dead":false,"Pid":8466,"ExitCode":0,"Error":"","StartedAt":"2020-02-27T16:00:49.712670319Z","FinishedAt":"0001-01-01T00:00:00Z"},"Image":"sha256:c59620b9ca09c8a97d9e98000b8368d6a48e6c9cdc2c7fac4b80ebec2fc06cd9","ResolvConfPath":"/var/lib/docker/containers/bd7595f46ac0669637240013cff795a39f157191cdd14cda715383e62ddc2cc0/resolv.conf","HostnamePath":"/var/lib/docker/containers/bd7595f46ac0669637240013cff795a39f157191cdd14cda715383e62ddc2cc0/hostname","HostsPath":"/var/lib/docker/containers/bd7595f46ac0669637240013cff795a39f157191cdd14cda715383e62ddc2cc0/hosts","LogPath":"/var/lib/docker/containers/bd7595f46ac0669637240013cff795a39f157191cdd14cda715383e62ddc2cc0/bd7595f46ac0669637240013cff795a39f157191cdd14cda715383e62ddc2cc0-json.log","Name":"/reverent_ride","RestartCount":0,"Driver":"overlay2","Platform":"linux","MountLabel":"","ProcessLabel":"","AppArmorProfile":"docker-default","ExecIDs":null,"HostConfig":{"Binds":["/var/run/docker.sock:/var/run/docker.sock"],"ContainerIDFile":"","LogConfig":{"Type":"json-file","Config":{}},"NetworkMode":"bridge","PortBindings":{"4444":[{"HostIp":"0.0.0.0","HostPort":""}]},"RestartPolicy":{"Name":"","MaximumRetryCount":0},"AutoRemove":false,"VolumeDriver":"","VolumesFrom":null,"CapAdd":null,"CapDrop":null,"Capabilities":null,"Dns":null,"DnsOptions":null,"DnsSearch":null,"ExtraHosts":null,"GroupAdd":null,"IpcMode":"private","Cgroup":"","Links":null,"OomScoreAdj":0,"PidMode":"","Privileged":false,"PublishAllPorts":false,"ReadonlyRootfs":false,"SecurityOpt":null,"UTSMode":"","UsernsMode":"","ShmSize":67108864,"Runtime":"runc","ConsoleSize":[0,0],"Isolation":"","CpuShares":0,"Memory":0,"NanoCpus":0,"CgroupParent":"","BlkioWeight":0,"BlkioWeightDevice":null,"BlkioDeviceReadBps":null,"BlkioDeviceWriteBps":null,"BlkioDeviceReadIOps":null,"BlkioDeviceWriteIOps":null,"CpuPeriod":0,"CpuQuota":0,"CpuRealtimePeriod":0,"CpuRealtimeRuntime":0,"CpusetCpus":"","CpusetMems":"","Devices":null,"DeviceCgroupRules":null,"DeviceRequests":null,"KernelMemory":0,"KernelMemoryTCP":0,"MemoryReservation":0,"MemorySwap":0,"MemorySwappiness":null,"OomKillDisable":false,"PidsLimit":null,"Ulimits":null,"CpuCount":0,"CpuPercent":0,"IOMaximumIOps":0,"IOMaximumBandwidth":0,"MaskedPaths":["/proc/asound","/proc/acpi","/proc/kcore","/proc/keys","/proc/latency_stats","/proc/timer_list","/proc/timer_stats","/proc/sched_debug","/proc/scsi","/sys/firmware"],"ReadonlyPaths":["/proc/bus","/proc/fs","/proc/irq","/proc/sys","/proc/sysrq-trigger"]},"GraphDriver":{"Data":{"LowerDir":"/var/lib/docker/overlay2/12050f45ca14694f89953d441e26588dc8e56506ec3258168e3f07746b8fd6ec-init/diff:/var/lib/docker/overlay2/6447a1fb3ad29dfc77d4610ce4c5bd5a495f7dee33b3c7e37fc1f04a50adfab0/diff:/var/lib/docker/overlay2/5b03646d8ec2ae04f0aea2ddcce068eb201658c1d7305559ebd36148b3a17a96/diff:/var/lib/docker/overlay2/e43899b0d0fa49da4e3ab07f5c7475a344097626e8c5b3548abdb450edc66c2a/diff","MergedDir":"/var/lib/docker/overlay2/12050f45ca14694f89953d441e26588dc8e56506ec3258168e3f07746b8fd6ec/merged","UpperDir":"/var/lib/docker/overlay2/12050f45ca14694f89953d441e26588dc8e56506ec3258168e3f07746b8fd6ec/diff","WorkDir":"/var/lib/docker/overlay2/12050f45ca14694f89953d441e26588dc8e56506ec3258168e3f07746b8fd6ec/work"},"Name":"overlay2"},"Mounts":[{"Type":"bind","Source":"/var/run/docker.sock","Destination":"/var/run/docker.sock","Mode":"","RW":true,"Propagation":"rprivate"}],"Config":{"Hostname":"bd7595f46ac0","Domainname":"","User":"","AttachStdin":false,"AttachStdout":false,"AttachStderr":false,"ExposedPorts":{"4444":{},"4444/tcp":{}},"Tty":false,"OpenStdin":false,"StdinOnce":false,"Env":["DOCKER_API_VERSION=1.35","TZ=Europe/Madrid","LANG=en","PATH=/usr/local/sbin:/usr/local/bin:/usr/sbin:/usr/bin:/sbin:/bin"],"Cmd":["sh","-c","mkdir -p /etc/selenoid/; echo '{\"chrome\":{\"default\":\"80.0\",\"versions\":{\"80.0\":{\"image\":\"selenoid/vnc:chrome_80.0\",\"port\":\"4444\",\"path\":\"/\",\"tmpfs\":{\"/tmp\":\"size=128m\"},\"env\":[\"DOCKER_API_VERSION=1.35\",\"TZ=Europe/Madrid\",\"LANG=en\"],\"volumes\":[]}}}}' > /etc/selenoid/browsers.json; /usr/bin/selenoid -listen :4444 -service-startup-timeout 3m -conf /etc/selenoid/browsers.json -video-output-dir /opt/selenoid/video/ -timeout 1m0s -container-network bridge -limit 2"],"Image":"aerokube/selenoid:1.9.3","Volumes":null,"WorkingDir":"","Entrypoint":null,"OnBuild":null,"Labels":{}},"NetworkSettings":{"Bridge":"","SandboxID":"0b86c5f08adc34501d1981ed83fae44626cab3da6ed265b003daaf692bb4ef5b","HairpinMode":false,"LinkLocalIPv6Address":"","LinkLocalIPv6PrefixLen":0,"Ports":{"4444/tcp":[{"HostIp":"0.0.0.0","HostPort":"32774"}]},"SandboxKey":"/var/run/docker/netns/0b86c5f08adc","SecondaryIPAddresses":null,"SecondaryIPv6Addresses":null,"EndpointID":"859e5815480b50c3b7f313c5f2cc8d29de47327a7f3db30894ff53d9033e0497","Gateway":"172.17.0.1","GlobalIPv6Address":"","GlobalIPv6PrefixLen":0,"IPAddress":"172.17.0.2","IPPrefixLen":16,"IPv6Gateway":"","MacAddress":"02:42:ac:11:00:02","Networks":{"bridge":{"IPAMConfig":null,"Links":null,"Aliases":null,"NetworkID":"013fd4f06e5b03d1856ddb454ae602f22229f11dd54d2401e1ef60f673b34bed","EndpointID":"859e5815480b50c3b7f313c5f2cc8d29de47327a7f3db30894ff53d9033e0497","Gateway":"172.17.0.1","IPAddress":"172.17.0.2","IPPrefixLen":16,"IPv6Gateway":"","GlobalIPv6Address":"","GlobalIPv6PrefixLen":0,"MacAddress":"02:42:ac:11:00:02","DriverOpts":null}}}}[\n]"
16:00:49.795 [jersey-client-async-executor-1] DEBUG org.apache.http.wire - http-outgoing-9 << "[\r][\n]"
16:00:49.795 [jersey-client-async-executor-1] DEBUG org.apache.http.wire - http-outgoing-9 << "0[\r][\n]"
16:00:49.795 [jersey-client-async-executor-1] DEBUG org.apache.http.wire - http-outgoing-9 << "[\r][\n]"
16:00:49.796 [jersey-client-async-executor-1] DEBUG org.apache.http.headers - http-outgoing-9 << HTTP/1.1 200 OK
16:00:49.796 [jersey-client-async-executor-1] DEBUG org.apache.http.headers - http-outgoing-9 << Api-Version: 1.40
16:00:49.796 [jersey-client-async-executor-1] DEBUG org.apache.http.headers - http-outgoing-9 << Content-Type: application/json
16:00:49.796 [jersey-client-async-executor-1] DEBUG org.apache.http.headers - http-outgoing-9 << Docker-Experimental: false
16:00:49.796 [jersey-client-async-executor-1] DEBUG org.apache.http.headers - http-outgoing-9 << Ostype: linux
16:00:49.796 [jersey-client-async-executor-1] DEBUG org.apache.http.headers - http-outgoing-9 << Server: Docker/19.03.6 (linux)
16:00:49.796 [jersey-client-async-executor-1] DEBUG org.apache.http.headers - http-outgoing-9 << Date: Thu, 27 Feb 2020 16:00:49 GMT
16:00:49.796 [jersey-client-async-executor-1] DEBUG org.apache.http.headers - http-outgoing-9 << Transfer-Encoding: chunked
16:00:49.797 [jersey-client-async-executor-1] DEBUG org.apache.http.impl.execchain.MainClientExec - Connection can be kept alive indefinitely
16:00:49.821 [jersey-client-async-executor-1] DEBUG org.apache.http.impl.conn.DefaultManagedHttpClientConnection - http-outgoing-9: Close connection
16:00:49.821 [jersey-client-async-executor-1] DEBUG org.apache.http.impl.execchain.MainClientExec - Connection discarded
16:00:49.821 [jersey-client-async-executor-1] DEBUG org.apache.http.impl.conn.PoolingHttpClientConnectionManager - Connection released: [id: 9][route: {}->unix://localhost:80][total kept alive: 0; route allocated: 0 of 100; total allocated: 0 of 100]
16:00:49.825 [jersey-client-async-executor-1] DEBUG org.apache.http.wire - http-outgoing-9 << "[read] I/O error: Bad file descriptor"
16:00:49.826 [jersey-client-async-executor-0] DEBUG org.apache.http.client.protocol.RequestAddCookies - CookieSpec selected: default
16:00:49.826 [jersey-client-async-executor-0] DEBUG org.apache.http.client.protocol.RequestAuthCache - Auth cache not set in the context
16:00:49.826 [jersey-client-async-executor-0] DEBUG org.apache.http.impl.conn.PoolingHttpClientConnectionManager - Connection request: [route: {}->unix://localhost:80][total kept alive: 0; route allocated: 0 of 100; total allocated: 0 of 100]
16:00:49.826 [jersey-client-async-executor-0] DEBUG org.apache.http.impl.conn.PoolingHttpClientConnectionManager - Connection leased: [id: 10][route: {}->unix://localhost:80][total kept alive: 0; route allocated: 1 of 100; total allocated: 1 of 100]
16:00:49.826 [jersey-client-async-executor-0] DEBUG org.apache.http.impl.execchain.MainClientExec - Opening connection {}->unix://localhost:80
16:00:49.826 [jersey-client-async-executor-0] DEBUG org.apache.http.impl.conn.DefaultHttpClientConnectionOperator - Connecting to localhost/127.0.0.1:80
16:00:49.827 [jersey-client-async-executor-0] DEBUG org.apache.http.impl.conn.DefaultHttpClientConnectionOperator - Connection established [family=PF_UNIX path=]<->[family=PF_UNIX path=/var/run/docker.sock]
16:00:49.827 [jersey-client-async-executor-0] DEBUG org.apache.http.impl.conn.DefaultManagedHttpClientConnection - http-outgoing-10: set socket timeout to 30000
16:00:49.827 [jersey-client-async-executor-0] DEBUG org.apache.http.impl.execchain.MainClientExec - Executing request GET /containers/bd7595f46ac0669637240013cff795a39f157191cdd14cda715383e62ddc2cc0/json HTTP/1.1
16:00:49.827 [jersey-client-async-executor-0] DEBUG org.apache.http.impl.execchain.MainClientExec - Target auth state: UNCHALLENGED
16:00:49.827 [jersey-client-async-executor-0] DEBUG org.apache.http.impl.execchain.MainClientExec - Proxy auth state: UNCHALLENGED
16:00:49.827 [jersey-client-async-executor-0] DEBUG org.apache.http.headers - http-outgoing-10 >> GET /containers/bd7595f46ac0669637240013cff795a39f157191cdd14cda715383e62ddc2cc0/json HTTP/1.1
16:00:49.827 [jersey-client-async-executor-0] DEBUG org.apache.http.headers - http-outgoing-10 >> Accept: application/json
16:00:49.827 [jersey-client-async-executor-0] DEBUG org.apache.http.headers - http-outgoing-10 >> User-Agent: Jersey/2.22.2 (Apache HttpClient 4.5.6)
16:00:49.827 [jersey-client-async-executor-0] DEBUG org.apache.http.headers - http-outgoing-10 >> Host: localhost:80
16:00:49.827 [jersey-client-async-executor-0] DEBUG org.apache.http.headers - http-outgoing-10 >> Connection: Keep-Alive
16:00:49.828 [jersey-client-async-executor-0] DEBUG org.apache.http.headers - http-outgoing-10 >> Accept-Encoding: gzip,deflate
16:00:49.828 [jersey-client-async-executor-0] DEBUG org.apache.http.wire - http-outgoing-10 >> "GET /containers/bd7595f46ac0669637240013cff795a39f157191cdd14cda715383e62ddc2cc0/json HTTP/1.1[\r][\n]"
16:00:49.828 [jersey-client-async-executor-0] DEBUG org.apache.http.wire - http-outgoing-10 >> "Accept: application/json[\r][\n]"
16:00:49.828 [jersey-client-async-executor-0] DEBUG org.apache.http.wire - http-outgoing-10 >> "User-Agent: Jersey/2.22.2 (Apache HttpClient 4.5.6)[\r][\n]"
16:00:49.828 [jersey-client-async-executor-0] DEBUG org.apache.http.wire - http-outgoing-10 >> "Host: localhost:80[\r][\n]"
16:00:49.828 [jersey-client-async-executor-0] DEBUG org.apache.http.wire - http-outgoing-10 >> "Connection: Keep-Alive[\r][\n]"
16:00:49.828 [jersey-client-async-executor-0] DEBUG org.apache.http.wire - http-outgoing-10 >> "Accept-Encoding: gzip,deflate[\r][\n]"
16:00:49.828 [jersey-client-async-executor-0] DEBUG org.apache.http.wire - http-outgoing-10 >> "[\r][\n]"
16:00:49.828 [jersey-client-async-executor-0] DEBUG org.apache.http.wire - http-outgoing-10 << "HTTP/1.1 200 OK[\r][\n]"
16:00:49.828 [jersey-client-async-executor-0] DEBUG org.apache.http.wire - http-outgoing-10 << "Api-Version: 1.40[\r][\n]"
16:00:49.828 [jersey-client-async-executor-0] DEBUG org.apache.http.wire - http-outgoing-10 << "Content-Type: application/json[\r][\n]"
16:00:49.829 [jersey-client-async-executor-0] DEBUG org.apache.http.wire - http-outgoing-10 << "Docker-Experimental: false[\r][\n]"
16:00:49.829 [jersey-client-async-executor-0] DEBUG org.apache.http.wire - http-outgoing-10 << "Ostype: linux[\r][\n]"
16:00:49.829 [jersey-client-async-executor-0] DEBUG org.apache.http.wire - http-outgoing-10 << "Server: Docker/19.03.6 (linux)[\r][\n]"
16:00:49.829 [jersey-client-async-executor-0] DEBUG org.apache.http.wire - http-outgoing-10 << "Date: Thu, 27 Feb 2020 16:00:49 GMT[\r][\n]"
16:00:49.829 [jersey-client-async-executor-0] DEBUG org.apache.http.wire - http-outgoing-10 << "Transfer-Encoding: chunked[\r][\n]"
16:00:49.829 [jersey-client-async-executor-0] DEBUG org.apache.http.wire - http-outgoing-10 << "[\r][\n]"
16:00:49.829 [jersey-client-async-executor-0] DEBUG org.apache.http.wire - http-outgoing-10 << "17de[\r][\n]"
16:00:49.830 [jersey-client-async-executor-0] DEBUG org.apache.http.wire - http-outgoing-10 << "{"Id":"bd7595f46ac0669637240013cff795a39f157191cdd14cda715383e62ddc2cc0","Created":"2020-02-27T16:00:48.059637568Z","Path":"sh","Args":["-c","mkdir -p /etc/selenoid/; echo '{\"chrome\":{\"default\":\"80.0\",\"versions\":{\"80.0\":{\"image\":\"selenoid/vnc:chrome_80.0\",\"port\":\"4444\",\"path\":\"/\",\"tmpfs\":{\"/tmp\":\"size=128m\"},\"env\":[\"DOCKER_API_VERSION=1.35\",\"TZ=Europe/Madrid\",\"LANG=en\"],\"volumes\":[]}}}}' > /etc/selenoid/browsers.json; /usr/bin/selenoid -listen :4444 -service-startup-timeout 3m -conf /etc/selenoid/browsers.json -video-output-dir /opt/selenoid/video/ -timeout 1m0s -container-network bridge -limit 2"],"State":{"Status":"running","Running":true,"Paused":false,"Restarting":false,"OOMKilled":false,"Dead":false,"Pid":8466,"ExitCode":0,"Error":"","StartedAt":"2020-02-27T16:00:49.712670319Z","FinishedAt":"0001-01-01T00:00:00Z"},"Image":"sha256:c59620b9ca09c8a97d9e98000b8368d6a48e6c9cdc2c7fac4b80ebec2fc06cd9","ResolvConfPath":"/var/lib/docker/containers/bd7595f46ac0669637240013cff795a39f157191cdd14cda715383e62ddc2cc0/resolv.conf","HostnamePath":"/var/lib/docker/containers/bd7595f46ac0669637240013cff795a39f157191cdd14cda715383e62ddc2cc0/hostname","HostsPath":"/var/lib/docker/containers/bd7595f46ac0669637240013cff795a39f157191cdd14cda715383e62ddc2cc0/hosts","LogPath":"/var/lib/docker/containers/bd7595f46ac0669637240013cff795a39f157191cdd14cda715383e62ddc2cc0/bd7595f46ac0669637240013cff795a39f157191cdd14cda715383e62ddc2cc0-json.log","Name":"/reverent_ride","RestartCount":0,"Driver":"overlay2","Platform":"linux","MountLabel":"","ProcessLabel":"","AppArmorProfile":"docker-default","ExecIDs":null,"HostConfig":{"Binds":["/var/run/docker.sock:/var/run/docker.sock"],"ContainerIDFile":"","LogConfig":{"Type":"json-file","Config":{}},"NetworkMode":"bridge","PortBindings":{"4444":[{"HostIp":"0.0.0.0","HostPort":""}]},"RestartPolicy":{"Name":"","MaximumRetryCount":0},"AutoRemove":false,"VolumeDriver":"","VolumesFrom":null,"CapAdd":null,"CapDrop":null,"Capabilities":null,"Dns":null,"DnsOptions":null,"DnsSearch":null,"ExtraHosts":null,"GroupAdd":null,"IpcMode":"private","Cgroup":"","Links":null,"OomScoreAdj":0,"PidMode":"","Privileged":false,"PublishAllPorts":false,"ReadonlyRootfs":false,"SecurityOpt":null,"UTSMode":"","UsernsMode":"","ShmSize":67108864,"Runtime":"runc","ConsoleSize":[0,0],"Isolation":"","CpuShares":0,"Memory":0,"NanoCpus":0,"CgroupParent":"","BlkioWeight":0,"BlkioWeightDevice":null,"BlkioDeviceReadBps":null,"BlkioDeviceWriteBps":null,"BlkioDeviceReadIOps":null,"BlkioDeviceWriteIOps":null,"CpuPeriod":0,"CpuQuota":0,"CpuRealtimePeriod":0,"CpuRealtimeRuntime":0,"CpusetCpus":"","CpusetMems":"","Devices":null,"DeviceCgroupRules":null,"DeviceRequests":null,"KernelMemory":0,"KernelMemoryTCP":0,"MemoryReservation":0,"MemorySwap":0,"MemorySwappiness":null,"OomKillDisable":false,"PidsLimit":null,"Ulimits":null,"CpuCount":0,"CpuPercent":0,"IOMaximumIOps":0,"IOMaximumBandwidth":0,"MaskedPaths":["/proc/asound","/proc/acpi","/proc/kcore","/proc/keys","/proc/latency_stats","/proc/timer_list","/proc/timer_stats","/proc/sched_debug","/proc/scsi","/sys/firmware"],"ReadonlyPaths":["/proc/bus","/proc/fs","/proc/irq","/proc/sys","/proc/sysrq-trigger"]},"GraphDriver":{"Data":{"LowerDir":"/var/lib/docker/overlay2/12050f45ca14694f89953d441e26588dc8e56506ec3258168e3f07746b8fd6ec-init/diff:/var/lib/docker/overlay2/6447a1fb3ad29dfc77d4610ce4c5bd5a495f7dee33b3c7e37fc1f04a50adfab0/diff:/var/lib/docker/overlay2/5b03646d8ec2ae04f0aea2ddcce068eb201658c1d7305559ebd36148b3a17a96/diff:/var/lib/docker/overlay2/e43899b0d0fa49da4e3ab07f5c7475a344097626e8c5b3548abdb450edc66c2a/diff","MergedDir":"/var/lib/docker/overlay2/12050f45ca14694f89953d441e26588dc8e56506ec3258168e3f07746b8fd6ec/merged","UpperDir":"/var/lib/docker/overlay2/12050f45ca14694f89953d441e26588dc8e56506ec3258168e3f07746b8fd6ec/diff","WorkDir":"/var/lib/docker/overlay2/12050f45ca14694f89953d441e26588dc8e56506ec3258168e3f07746b8fd6ec/work"},"Name":"overlay2"},"Mounts":[{"Type":"bind","Source":"/var/run/docker.sock","Destination":"/var/run/docker.sock","Mode":"","RW":true,"Propagation":"rprivate"}],"Config":{"Hostname":"bd7595f46ac0","Domainname":"","User":"","AttachStdin":false,"AttachStdout":false,"AttachStderr":false,"ExposedPorts":{"4444":{},"4444/tcp":{}},"Tty":false,"OpenStdin":false,"StdinOnce":false,"Env":["DOCKER_API_VERSION=1.35","TZ=Europe/Madrid","LANG=en","PATH=/usr/local/sbin:/usr/local/bin:/usr/sbin:/usr/bin:/sbin:/bin"],"Cmd":["sh","-c","mkdir -p /etc/selenoid/; echo '{\"chrome\":{\"default\":\"80.0\",\"versions\":{\"80.0\":{\"image\":\"selenoid/vnc:chrome_80.0\",\"port\":\"4444\",\"path\":\"/\",\"tmpfs\":{\"/tmp\":\"size=128m\"},\"env\":[\"DOCKER_API_VERSION=1.35\",\"TZ=Europe/Madrid\",\"LANG=en\"],\"volumes\":[]}}}}' > /etc/selenoid/browsers.json; /usr/bin/selenoid -listen :4444 -service-startup-timeout 3m -conf /etc/selenoid/browsers.json -video-output-dir /opt/selenoid/video/ -timeout 1m0s -container-network bridge -limit 2"],"Image":"aerokube/selenoid:1.9.3","Volumes":null,"WorkingDir":"","Entrypoint":null,"OnBuild":null,"Labels":{}},"NetworkSettings":{"Bridge":"","SandboxID":"0b86c5f08adc34501d1981ed83fae44626cab3da6ed265b003daaf692bb4ef5b","HairpinMode":false,"LinkLocalIPv6Address":"","LinkLocalIPv6PrefixLen":0,"Ports":{"4444/tcp":[{"HostIp":"0.0.0.0","HostPort":"32774"}]},"SandboxKey":"/var/run/docker/netns/0b86c5f08adc","SecondaryIPAddresses":null,"SecondaryIPv6Addresses":null,"EndpointID":"859e5815480b50c3b7f313c5f2cc8d29de47327a7f3db30894ff53d9033e0497","Gateway":"172.17.0.1","GlobalIPv6Address":"","GlobalIPv6PrefixLen":0,"IPAddress":"172.17.0.2","IPPrefixLen":16,"IPv6Gateway":"","MacAddress":"02:42:ac:11:00:02","Networks":{"bridge":{"IPAMConfig":null,"Links":null,"Aliases":null,"NetworkID":"013fd4f06e5b03d1856ddb454ae602f22229f11dd54d2401e1ef60f673b34bed","EndpointID":"859e5815480b50c3b7f313c5f2cc8d29de47327a7f3db30894ff53d9033e0497","Gateway":"172.17.0.1","IPAddress":"172.17.0.2","IPPrefixLen":16,"IPv6Gateway":"","GlobalIPv6Address":"","GlobalIPv6PrefixLen":0,"MacAddress":"02:42:ac:11:00:02","DriverOpts":null}}}}[\n]"
16:00:49.830 [jersey-client-async-executor-0] DEBUG org.apache.http.wire - http-outgoing-10 << "[\r][\n]"
16:00:49.830 [jersey-client-async-executor-0] DEBUG org.apache.http.wire - http-outgoing-10 << "0[\r][\n]"
16:00:49.830 [jersey-client-async-executor-0] DEBUG org.apache.http.wire - http-outgoing-10 << "[\r][\n]"
16:00:49.830 [jersey-client-async-executor-0] DEBUG org.apache.http.headers - http-outgoing-10 << HTTP/1.1 200 OK
16:00:49.830 [jersey-client-async-executor-0] DEBUG org.apache.http.headers - http-outgoing-10 << Api-Version: 1.40
16:00:49.830 [jersey-client-async-executor-0] DEBUG org.apache.http.headers - http-outgoing-10 << Content-Type: application/json
16:00:49.830 [jersey-client-async-executor-0] DEBUG org.apache.http.headers - http-outgoing-10 << Docker-Experimental: false
16:00:49.830 [jersey-client-async-executor-0] DEBUG org.apache.http.headers - http-outgoing-10 << Ostype: linux
16:00:49.830 [jersey-client-async-executor-0] DEBUG org.apache.http.headers - http-outgoing-10 << Server: Docker/19.03.6 (linux)
16:00:49.830 [jersey-client-async-executor-0] DEBUG org.apache.http.headers - http-outgoing-10 << Date: Thu, 27 Feb 2020 16:00:49 GMT
16:00:49.830 [jersey-client-async-executor-0] DEBUG org.apache.http.headers - http-outgoing-10 << Transfer-Encoding: chunked
16:00:49.830 [jersey-client-async-executor-0] DEBUG org.apache.http.impl.execchain.MainClientExec - Connection can be kept alive indefinitely
16:00:49.835 [jersey-client-async-executor-0] DEBUG org.apache.http.impl.conn.DefaultManagedHttpClientConnection - http-outgoing-10: Close connection
16:00:49.835 [jersey-client-async-executor-0] DEBUG org.apache.http.impl.execchain.MainClientExec - Connection discarded
16:00:49.835 [jersey-client-async-executor-0] DEBUG org.apache.http.impl.conn.PoolingHttpClientConnectionManager - Connection released: [id: 10][route: {}->unix://localhost:80][total kept alive: 0; route allocated: 0 of 100; total allocated: 0 of 100]
16:00:49.835 [jersey-client-async-executor-0] DEBUG org.apache.http.wire - http-outgoing-10 << "[read] I/O error: Bad file descriptor"
16:00:49.836 [main] DEBUG io.github.bonigarcia.seljup.WebDriverCreator - Creating WebDriver for CHROME at http://172.17.0.1:32774/wd/hub with Capabilities {browserName: chrome, goog:chromeOptions: {args: [], extensions: []}, platform: ANY, version: }
16:00:55.088 [pool-6-thread-1] INFO io.github.bonigarcia.seljup.DockerService - Stopping Docker container aerokube/selenoid:1.9.3
16:00:55.128 [jersey-client-async-executor-0] DEBUG org.apache.http.client.protocol.RequestAddCookies - CookieSpec selected: default
16:00:55.132 [jersey-client-async-executor-0] DEBUG org.apache.http.client.protocol.RequestAuthCache - Auth cache not set in the context
16:00:55.132 [jersey-client-async-executor-0] DEBUG org.apache.http.impl.conn.PoolingHttpClientConnectionManager - Connection request: [route: {}->unix://localhost:80][total kept alive: 0; route allocated: 0 of 100; total allocated: 0 of 100]
16:00:55.132 [jersey-client-async-executor-0] DEBUG org.apache.http.impl.conn.PoolingHttpClientConnectionManager - Connection leased: [id: 11][route: {}->unix://localhost:80][total kept alive: 0; route allocated: 1 of 100; total allocated: 1 of 100]
16:00:55.132 [jersey-client-async-executor-0] DEBUG org.apache.http.impl.execchain.MainClientExec - Opening connection {}->unix://localhost:80
16:00:55.133 [jersey-client-async-executor-0] DEBUG org.apache.http.impl.conn.DefaultHttpClientConnectionOperator - Connecting to localhost/127.0.0.1:80
16:00:55.133 [jersey-client-async-executor-0] DEBUG org.apache.http.impl.conn.DefaultHttpClientConnectionOperator - Connection established [family=PF_UNIX path=]<->[family=PF_UNIX path=/var/run/docker.sock]
16:00:55.133 [jersey-client-async-executor-0] DEBUG org.apache.http.impl.conn.DefaultManagedHttpClientConnection - http-outgoing-11: set socket timeout to 0
16:00:55.133 [jersey-client-async-executor-0] DEBUG org.apache.http.impl.execchain.MainClientExec - Executing request POST /containers/bd7595f46ac0669637240013cff795a39f157191cdd14cda715383e62ddc2cc0/stop?t=5 HTTP/1.1
16:00:55.135 [jersey-client-async-executor-0] DEBUG org.apache.http.impl.execchain.MainClientExec - Target auth state: UNCHALLENGED
16:00:55.135 [jersey-client-async-executor-0] DEBUG org.apache.http.impl.execchain.MainClientExec - Proxy auth state: UNCHALLENGED
16:00:55.135 [jersey-client-async-executor-0] DEBUG org.apache.http.headers - http-outgoing-11 >> POST /containers/bd7595f46ac0669637240013cff795a39f157191cdd14cda715383e62ddc2cc0/stop?t=5 HTTP/1.1
16:00:55.135 [jersey-client-async-executor-0] DEBUG org.apache.http.headers - http-outgoing-11 >> User-Agent: Jersey/2.22.2 (Apache HttpClient 4.5.6)
16:00:55.135 [jersey-client-async-executor-0] DEBUG org.apache.http.headers - http-outgoing-11 >> Host: localhost:80
16:00:55.135 [jersey-client-async-executor-0] DEBUG org.apache.http.headers - http-outgoing-11 >> Connection: Keep-Alive
16:00:55.135 [jersey-client-async-executor-0] DEBUG org.apache.http.headers - http-outgoing-11 >> Accept-Encoding: gzip,deflate
16:00:55.136 [jersey-client-async-executor-0] DEBUG org.apache.http.wire - http-outgoing-11 >> "POST /containers/bd7595f46ac0669637240013cff795a39f157191cdd14cda715383e62ddc2cc0/stop?t=5 HTTP/1.1[\r][\n]"
16:00:55.143 [jersey-client-async-executor-0] DEBUG org.apache.http.wire - http-outgoing-11 >> "User-Agent: Jersey/2.22.2 (Apache HttpClient 4.5.6)[\r][\n]"
16:00:55.144 [jersey-client-async-executor-0] DEBUG org.apache.http.wire - http-outgoing-11 >> "Host: localhost:80[\r][\n]"
16:00:55.144 [jersey-client-async-executor-0] DEBUG org.apache.http.wire - http-outgoing-11 >> "Connection: Keep-Alive[\r][\n]"
16:00:55.144 [jersey-client-async-executor-0] DEBUG org.apache.http.wire - http-outgoing-11 >> "Accept-Encoding: gzip,deflate[\r][\n]"
16:00:55.144 [jersey-client-async-executor-0] DEBUG org.apache.http.wire - http-outgoing-11 >> "[\r][\n]"
16:00:56.486 [jersey-client-async-executor-0] DEBUG org.apache.http.wire - http-outgoing-11 << "HTTP/1.1 204 No Content[\r][\n]"
16:00:56.486 [jersey-client-async-executor-0] DEBUG org.apache.http.wire - http-outgoing-11 << "Api-Version: 1.40[\r][\n]"
16:00:56.486 [jersey-client-async-executor-0] DEBUG org.apache.http.wire - http-outgoing-11 << "Docker-Experimental: false[\r][\n]"
16:00:56.486 [jersey-client-async-executor-0] DEBUG org.apache.http.wire - http-outgoing-11 << "Ostype: linux[\r][\n]"
16:00:56.486 [jersey-client-async-executor-0] DEBUG org.apache.http.wire - http-outgoing-11 << "Server: Docker/19.03.6 (linux)[\r][\n]"
16:00:56.486 [jersey-client-async-executor-0] DEBUG org.apache.http.wire - http-outgoing-11 << "Date: Thu, 27 Feb 2020 16:00:56 GMT[\r][\n]"
16:00:56.486 [jersey-client-async-executor-0] DEBUG org.apache.http.wire - http-outgoing-11 << "[\r][\n]"
16:00:56.486 [jersey-client-async-executor-0] DEBUG org.apache.http.headers - http-outgoing-11 << HTTP/1.1 204 No Content
16:00:56.486 [jersey-client-async-executor-0] DEBUG org.apache.http.headers - http-outgoing-11 << Api-Version: 1.40
16:00:56.486 [jersey-client-async-executor-0] DEBUG org.apache.http.headers - http-outgoing-11 << Docker-Experimental: false
16:00:56.486 [jersey-client-async-executor-0] DEBUG org.apache.http.headers - http-outgoing-11 << Ostype: linux
16:00:56.486 [jersey-client-async-executor-0] DEBUG org.apache.http.headers - http-outgoing-11 << Server: Docker/19.03.6 (linux)
16:00:56.486 [jersey-client-async-executor-0] DEBUG org.apache.http.headers - http-outgoing-11 << Date: Thu, 27 Feb 2020 16:00:56 GMT
16:00:56.487 [jersey-client-async-executor-0] DEBUG org.apache.http.impl.execchain.MainClientExec - Connection can be kept alive indefinitely
16:00:56.487 [jersey-client-async-executor-0] DEBUG org.apache.http.impl.conn.PoolingHttpClientConnectionManager - Connection [id: 11][route: {}->unix://localhost:80] can be kept alive indefinitely
16:00:56.487 [jersey-client-async-executor-0] DEBUG org.apache.http.impl.conn.DefaultManagedHttpClientConnection - http-outgoing-11: set socket timeout to 0
16:00:56.487 [jersey-client-async-executor-0] DEBUG org.apache.http.impl.conn.PoolingHttpClientConnectionManager - Connection released: [id: 11][route: {}->unix://localhost:80][total kept alive: 1; route allocated: 1 of 100; total allocated: 1 of 100]
16:00:56.488 [jersey-client-async-executor-0] DEBUG org.apache.http.client.protocol.RequestAddCookies - CookieSpec selected: default
16:00:56.489 [jersey-client-async-executor-0] DEBUG org.apache.http.client.protocol.RequestAuthCache - Auth cache not set in the context
16:00:56.489 [jersey-client-async-executor-0] DEBUG org.apache.http.impl.conn.PoolingHttpClientConnectionManager - Connection request: [route: {}->unix://localhost:80][total kept alive: 0; route allocated: 0 of 100; total allocated: 0 of 100]
16:00:56.489 [jersey-client-async-executor-0] DEBUG org.apache.http.impl.conn.PoolingHttpClientConnectionManager - Connection leased: [id: 12][route: {}->unix://localhost:80][total kept alive: 0; route allocated: 1 of 100; total allocated: 1 of 100]
16:00:56.489 [jersey-client-async-executor-0] DEBUG org.apache.http.impl.execchain.MainClientExec - Opening connection {}->unix://localhost:80
16:00:56.489 [jersey-client-async-executor-0] DEBUG org.apache.http.impl.conn.DefaultHttpClientConnectionOperator - Connecting to localhost/127.0.0.1:80
16:00:56.489 [jersey-client-async-executor-0] DEBUG org.apache.http.impl.conn.DefaultHttpClientConnectionOperator - Connection established [family=PF_UNIX path=]<->[family=PF_UNIX path=/var/run/docker.sock]
16:00:56.489 [jersey-client-async-executor-0] DEBUG org.apache.http.impl.conn.DefaultManagedHttpClientConnection - http-outgoing-12: set socket timeout to 30000
16:00:56.489 [jersey-client-async-executor-0] DEBUG org.apache.http.impl.execchain.MainClientExec - Executing request DELETE /containers/bd7595f46ac0669637240013cff795a39f157191cdd14cda715383e62ddc2cc0 HTTP/1.1
16:00:56.489 [jersey-client-async-executor-0] DEBUG org.apache.http.impl.execchain.MainClientExec - Target auth state: UNCHALLENGED
16:00:56.489 [jersey-client-async-executor-0] DEBUG org.apache.http.impl.execchain.MainClientExec - Proxy auth state: UNCHALLENGED
16:00:56.489 [jersey-client-async-executor-0] DEBUG org.apache.http.headers - http-outgoing-12 >> DELETE /containers/bd7595f46ac0669637240013cff795a39f157191cdd14cda715383e62ddc2cc0 HTTP/1.1
16:00:56.489 [jersey-client-async-executor-0] DEBUG org.apache.http.headers - http-outgoing-12 >> Accept: application/json
16:00:56.489 [jersey-client-async-executor-0] DEBUG org.apache.http.headers - http-outgoing-12 >> User-Agent: Jersey/2.22.2 (Apache HttpClient 4.5.6)
16:00:56.489 [jersey-client-async-executor-0] DEBUG org.apache.http.headers - http-outgoing-12 >> Host: localhost:80
16:00:56.489 [jersey-client-async-executor-0] DEBUG org.apache.http.headers - http-outgoing-12 >> Connection: Keep-Alive
16:00:56.489 [jersey-client-async-executor-0] DEBUG org.apache.http.headers - http-outgoing-12 >> Accept-Encoding: gzip,deflate
16:00:56.490 [jersey-client-async-executor-0] DEBUG org.apache.http.wire - http-outgoing-12 >> "DELETE /containers/bd7595f46ac0669637240013cff795a39f157191cdd14cda715383e62ddc2cc0 HTTP/1.1[\r][\n]"
16:00:56.490 [jersey-client-async-executor-0] DEBUG org.apache.http.wire - http-outgoing-12 >> "Accept: application/json[\r][\n]"
16:00:56.490 [jersey-client-async-executor-0] DEBUG org.apache.http.wire - http-outgoing-12 >> "User-Agent: Jersey/2.22.2 (Apache HttpClient 4.5.6)[\r][\n]"
16:00:56.490 [jersey-client-async-executor-0] DEBUG org.apache.http.wire - http-outgoing-12 >> "Host: localhost:80[\r][\n]"
16:00:56.490 [jersey-client-async-executor-0] DEBUG org.apache.http.wire - http-outgoing-12 >> "Connection: Keep-Alive[\r][\n]"
16:00:56.490 [jersey-client-async-executor-0] DEBUG org.apache.http.wire - http-outgoing-12 >> "Accept-Encoding: gzip,deflate[\r][\n]"
16:00:56.490 [jersey-client-async-executor-0] DEBUG org.apache.http.wire - http-outgoing-12 >> "[\r][\n]"
16:00:56.584 [jersey-client-async-executor-0] DEBUG org.apache.http.wire - http-outgoing-12 << "HTTP/1.1 204 No Content[\r][\n]"
16:00:56.584 [jersey-client-async-executor-0] DEBUG org.apache.http.wire - http-outgoing-12 << "Api-Version: 1.40[\r][\n]"
16:00:56.584 [jersey-client-async-executor-0] DEBUG org.apache.http.wire - http-outgoing-12 << "Docker-Experimental: false[\r][\n]"
16:00:56.584 [jersey-client-async-executor-0] DEBUG org.apache.http.wire - http-outgoing-12 << "Ostype: linux[\r][\n]"
16:00:56.584 [jersey-client-async-executor-0] DEBUG org.apache.http.wire - http-outgoing-12 << "Server: Docker/19.03.6 (linux)[\r][\n]"
16:00:56.584 [jersey-client-async-executor-0] DEBUG org.apache.http.wire - http-outgoing-12 << "Date: Thu, 27 Feb 2020 16:00:56 GMT[\r][\n]"
16:00:56.584 [jersey-client-async-executor-0] DEBUG org.apache.http.wire - http-outgoing-12 << "[\r][\n]"
16:00:56.584 [jersey-client-async-executor-0] DEBUG org.apache.http.headers - http-outgoing-12 << HTTP/1.1 204 No Content
16:00:56.584 [jersey-client-async-executor-0] DEBUG org.apache.http.headers - http-outgoing-12 << Api-Version: 1.40
16:00:56.584 [jersey-client-async-executor-0] DEBUG org.apache.http.headers - http-outgoing-12 << Docker-Experimental: false
16:00:56.584 [jersey-client-async-executor-0] DEBUG org.apache.http.headers - http-outgoing-12 << Ostype: linux
16:00:56.584 [jersey-client-async-executor-0] DEBUG org.apache.http.headers - http-outgoing-12 << Server: Docker/19.03.6 (linux)
16:00:56.584 [jersey-client-async-executor-0] DEBUG org.apache.http.headers - http-outgoing-12 << Date: Thu, 27 Feb 2020 16:00:56 GMT
16:00:56.585 [jersey-client-async-executor-0] DEBUG org.apache.http.impl.execchain.MainClientExec - Connection can be kept alive indefinitely
16:00:56.585 [jersey-client-async-executor-0] DEBUG org.apache.http.impl.conn.PoolingHttpClientConnectionManager - Connection [id: 12][route: {}->unix://localhost:80] can be kept alive indefinitely
16:00:56.585 [jersey-client-async-executor-0] DEBUG org.apache.http.impl.conn.DefaultManagedHttpClientConnection - http-outgoing-12: set socket timeout to 0
16:00:56.585 [jersey-client-async-executor-0] DEBUG org.apache.http.impl.conn.PoolingHttpClientConnectionManager - Connection released: [id: 12][route: {}->unix://localhost:80][total kept alive: 1; route allocated: 1 of 100; total allocated: 1 of 100]
]]></system-out>
    <system-err><![CDATA[Feb 27, 2020 4:00:52 PM org.openqa.selenium.remote.ProtocolHandshake createSession
INFO: Detected dialect: W3C
]]></system-err>
  </testcase>
</testsuite>