<?xml version="1.0" encoding="UTF-8"?>
<testsuite xmlns:xsi="http://www.w3.org/2001/XMLSchema-instance" xsi:noNamespaceSchemaLocation="https://maven.apache.org/surefire/maven-surefire-plugin/xsd/surefire-test-report-3.0.xsd" version="3.0" name="pt.ua.jm.tqs.DockerChromeJupiterTest" time="16.664" tests="2" errors="0" skipped="0" failures="0">
  <properties>
[...]
</properties>
  <testcase name="testChrome(RemoteWebDriver)" classname="pt.ua.jm.tqs.DockerChromeJupiterTest" time="9.63"/>
  <testcase name="testChromeWithVersion(RemoteWebDriver)" classname="pt.ua.jm.tqs.DockerChromeJupiterTest" time="7"/>
</testsuite>